app/build/intermediates/manifest_merge_blame_file/release/manifest-merger-blame-release-report.txt
1<?xml version="1.0" encoding="utf-8"?>
2<manifest xmlns:android="http://schemas.android.com/apk/res/android"
3    package="com.rangi.nanodet"
4    android:versionCode="1"
5    android:versionName="1.0" >
6
7    <uses-sdk
8        android:minSdkVersion="22"
8-->src\main\AndroidManifest.xml
9        android:targetSdkVersion="29" />
9-->src\main\AndroidManifest.xml
10
11    <uses-permission android:name="android.permission.CAMERA" />
11-->src\main\AndroidManifest.xml:6:5-65
11-->src\main\AndroidManifest.xml:6:22-62
12
13    <uses-feature android:name="android.hardware.camera2.full" />
13-->src\main\AndroidManifest.xml:7:5-66
13-->src\main\AndroidManifest.xml:7:19-63
14
15    <application
15-->src\main\AndroidManifest.xml:9:5-20:19
16        android:icon="@mipmap/ic_launcher"
16-->src\main\AndroidManifest.xml:10:18-52
17        android:label="@string/app_name"
17-->src\main\AndroidManifest.xml:9:18-50
18        android:roundIcon="@mipmap/ic_launcher_round" >
18-->src\main\AndroidManifest.xml:11:18-63
19        <activity
19-->src\main\AndroidManifest.xml:12:9-19:20
20            android:name="com.tencent.ncnnhpe.MainActivity"
20-->src\main\AndroidManifest.xml:12:19-66
21            android:label="@string/app_name"
21-->src\main\AndroidManifest.xml:13:19-51
22            android:screenOrientation="portrait" >
22-->src\main\AndroidManifest.xml:14:19-55
23            <intent-filter>
23-->src\main\AndroidManifest.xml:15:13-18:29
24                <action android:name="android.intent.action.MAIN" />
24-->src\main\AndroidManifest.xml:16:17-69
24-->src\main\AndroidManifest.xml:16:25-66
25
26                <category android:name="android.intent.category.LAUNCHER" />
26-->src\main\AndroidManifest.xml:17:17-77
26-->src\main\AndroidManifest.xml:17:27-74
27            </intent-filter>
28        </activity>
29    </application>
30
31</manifest>